<?xml version="1.0" encoding="UTF-8"?>
<!-- Generated by org.testng.reporters.JUnitXMLReporter -->
<testsuite ignored="1" hostname="WINDOWS-BVQNF6J" failures="0" tests="2" name="Default test" time="18.709" errors="0" timestamp="2023-02-14T13:18:43 IST">
  <testcase classname="com.citi.test.LoginTest" name="invalidLoginTest" time="2.147"/>
  <testcase classname="com.citi.test.LoginTest" name="invalidLoginTest" time="2.184"/>
  <testcase classname="com.citi.test.LoginTest" name="validLoginTest" time="0.0">
    <ignored/>
  </testcase> <!-- validLoginTest -->
</testsuite> <!-- Default test -->
