<?xml version="1.0" encoding="UTF-8"?>
<testng-results ignored="1" total="3" passed="2" failed="0" skipped="0">
  <reporter-output>
  </reporter-output>
  <suite started-at="2023-02-14T13:18:24 IST" name="Default suite" finished-at="2023-02-14T13:18:43 IST" duration-ms="18709">
    <groups>
    </groups>
    <test started-at="2023-02-14T13:18:24 IST" name="Default test" finished-at="2023-02-14T13:18:43 IST" duration-ms="18709">
      <class name="com.citi.test.LoginTest">
        <test-method is-config="true" signature="setup()[pri:0, instance:com.citi.test.LoginTest@29215f06]" started-at="2023-02-14T13:18:25 IST" name="setup" finished-at="2023-02-14T13:18:32 IST" duration-ms="7076" status="PASS">
          <reporter-output>
          </reporter-output>
        </test-method> <!-- setup -->
        <test-method signature="invalidLoginTest(java.lang.String,java.lang.String,java.lang.String,java.lang.String)[pri:0, instance:com.citi.test.LoginTest@29215f06]" started-at="2023-02-14T13:18:32 IST" name="invalidLoginTest" data-provider="commonDataProvider" finished-at="2023-02-14T13:18:34 IST" duration-ms="2147" status="PASS">
          <params>
            <param index="0">
              <value>
                <![CDATA[john]]>
              </value>
            </param>
            <param index="1">
              <value>
                <![CDATA[john123]]>
              </value>
            </param>
            <param index="2">
              <value>
                <![CDATA[Dutch]]>
              </value>
            </param>
            <param index="3">
              <value>
                <![CDATA[Invalid username or password]]>
              </value>
            </param>
          </params>
          <reporter-output>
          </reporter-output>
        </test-method> <!-- invalidLoginTest -->
        <test-method is-config="true" signature="teardown()[pri:0, instance:com.citi.test.LoginTest@29215f06]" started-at="2023-02-14T13:18:34 IST" name="teardown" finished-at="2023-02-14T13:18:35 IST" duration-ms="148" status="PASS">
          <reporter-output>
          </reporter-output>
        </test-method> <!-- teardown -->
        <test-method is-config="true" signature="setup()[pri:0, instance:com.citi.test.LoginTest@29215f06]" started-at="2023-02-14T13:18:35 IST" name="setup" finished-at="2023-02-14T13:18:40 IST" duration-ms="5801" status="PASS">
          <reporter-output>
          </reporter-output>
        </test-method> <!-- setup -->
        <test-method signature="invalidLoginTest(java.lang.String,java.lang.String,java.lang.String,java.lang.String)[pri:0, instance:com.citi.test.LoginTest@29215f06]" started-at="2023-02-14T13:18:40 IST" name="invalidLoginTest" data-provider="commonDataProvider" finished-at="2023-02-14T13:18:43 IST" duration-ms="2184" status="PASS">
          <params>
            <param index="0">
              <value>
                <![CDATA[peter]]>
              </value>
            </param>
            <param index="1">
              <value>
                <![CDATA[peter123]]>
              </value>
            </param>
            <param index="2">
              <value>
                <![CDATA[Danish]]>
              </value>
            </param>
            <param index="3">
              <value>
                <![CDATA[Invalid username or password]]>
              </value>
            </param>
          </params>
          <reporter-output>
          </reporter-output>
        </test-method> <!-- invalidLoginTest -->
        <test-method is-config="true" signature="teardown()[pri:0, instance:com.citi.test.LoginTest@29215f06]" started-at="2023-02-14T13:18:43 IST" name="teardown" finished-at="2023-02-14T13:18:43 IST" duration-ms="159" status="PASS">
          <reporter-output>
          </reporter-output>
        </test-method> <!-- teardown -->
      </class> <!-- com.citi.test.LoginTest -->
    </test> <!-- Default test -->
  </suite> <!-- Default suite -->
</testng-results>
